Running: C:\Xilinx\14.2\ISE_DS\ISE\bin\nt64\unwrapped\fuse.exe -intstyle ise -incremental -o D:/Xilinx workspace/MIPS_Github/Decode_test_isim_beh.exe -prj D:/Xilinx workspace/MIPS_Github/Decode_test_beh.prj work.Decode_test 
ISim P.28xd (signature 0xa0883be4)
Number of CPUs detected in this system: 4
Turning on mult-threading, number of parallel sub-compilation jobs: 8 
Determining compilation order of HDL files
Parsing VHDL file "D:/Xilinx workspace/MIPS_Github/Decode.vhd" into library work
Parsing VHDL file "D:/Xilinx workspace/MIPS_Github/Decode_test.vhd" into library work
Starting static elaboration
Completed static elaboration
Compiling package standard
Compiling package std_logic_1164
Compiling package std_logic_arith
Compiling package std_logic_unsigned
Compiling package numeric_std
Compiling architecture arch of entity Decode [decode_default]
Compiling architecture behavior of entity decode_test
Time Resolution for simulation is 1ps.
Waiting for 1 sub-compilation(s) to finish...
Compiled 8 VHDL Units
Built simulation executable D:/Xilinx workspace/MIPS_Github/Decode_test_isim_beh.exe
Fuse Memory Usage: 35048 KB
Fuse CPU Usage: 577 ms
